Arguments: 
  C:\Program Files\nodejs\node.exe C:\Users\user\Desktop\auth-ev\node_modules\yarn\bin\yarn.js add history

PATH: 
  C:\Users\user\Desktop\auth-ev\node_modules\.bin;C:\Python39\Scripts\;C:\Python39\;C:\Windows\system32;C:\Windows;C:\Windows\System32\Wbem;C:\Windows\System32\WindowsPowerShell\v1.0\;C:\Windows\System32\OpenSSH\;C:\Program Files\Git\cmd;C:\Program Files\nodejs\;C:\ProgramData\chocolatey\bin;C:\Users\user\AppData\Local\Microsoft\WindowsApps;C:\Users\user\AppData\Roaming\npm;C:\Users\user\AppData\Local\Programs\Microsoft VS Code\bin;C:\Program Files (x86)\heroku\bin

Yarn version: 
  1.22.17

Node version: 
  14.17.1

Platform: 
  win32 x64

Trace: 
  Error: EPERM: operation not permitted, unlink 'C:\Users\user\Desktop\auth-ev\node_modules\bcrypt\lib\binding\napi-v3\bcrypt_lib.node'

npm manifest: 
  {
    "name": "cls",
    "version": "1.0.0",
    "main": "server.js",
    "dependencies": {
      "bcrypt": "^5.0.1",
      "chalk": "^4.1.2",
      "concurrently": "^6.3.0",
      "cors": "^2.8.5",
      "currently": "^0.0.8",
      "dotenv": "^10.0.0",
      "express": "^4.17.1",
      "jsonwebtoken": "^8.5.1",
      "mongoose": "^6.0.12",
      "morgan": "^1.10.0",
      "yarn": "^1.22.17"
    },
    "devDependencies": {},
    "scripts": {
      "test": "echo \"Error: no test specified\" && exit 1",
      "dev": "concurrently \"yarn run server\" \"yarn run client\"",
      "server": "nodemon server",
      "client": "yarn --cwd client start",
      "start": "node server"
    },
    "author": "",
    "license": "ISC",
    "repository": {
      "type": "git",
      "url": "git+https://github.com/Kunduz-rahat/nevis.git"
    },
    "bugs": {
      "url": "https://github.com/Kunduz-rahat/nevis/issues"
    },
    "homepage": "https://github.com/Kunduz-rahat/nevis#readme",
    "description": ""
  }

yarn manifest: 
  No manifest

Lockfile: 
  No lockfile
